mode: set
github.com/cjlucas/unnamedcast/server/main.go:28.41,32.16 3 1
github.com/cjlucas/unnamedcast/server/main.go:35.2,37.43 2 1
github.com/cjlucas/unnamedcast/server/main.go:41.2,43.18 2 1
github.com/cjlucas/unnamedcast/server/main.go:32.16,34.3 1 0
github.com/cjlucas/unnamedcast/server/main.go:37.43,39.3 1 0
github.com/cjlucas/unnamedcast/server/main.go:46.62,47.32 1 1
github.com/cjlucas/unnamedcast/server/main.go:51.2,51.37 1 1
github.com/cjlucas/unnamedcast/server/main.go:47.32,50.3 2 0
github.com/cjlucas/unnamedcast/server/main.go:56.38,58.16 2 0
github.com/cjlucas/unnamedcast/server/main.go:63.2,63.24 1 0
github.com/cjlucas/unnamedcast/server/main.go:58.16,60.3 1 0
github.com/cjlucas/unnamedcast/server/main.go:60.3,62.3 1 0
github.com/cjlucas/unnamedcast/server/main.go:66.66,67.30 1 1
github.com/cjlucas/unnamedcast/server/main.go:67.30,69.17 2 1
github.com/cjlucas/unnamedcast/server/main.go:74.3,76.17 3 1
github.com/cjlucas/unnamedcast/server/main.go:84.3,85.38 2 1
github.com/cjlucas/unnamedcast/server/main.go:89.3,89.23 1 1
github.com/cjlucas/unnamedcast/server/main.go:69.17,72.4 2 0
github.com/cjlucas/unnamedcast/server/main.go:76.17,79.4 2 0
github.com/cjlucas/unnamedcast/server/main.go:79.4,79.19 1 1
github.com/cjlucas/unnamedcast/server/main.go:79.19,82.4 2 1
github.com/cjlucas/unnamedcast/server/main.go:85.38,87.4 1 0
github.com/cjlucas/unnamedcast/server/main.go:93.65,94.30 1 1
github.com/cjlucas/unnamedcast/server/main.go:94.30,96.17 2 1
github.com/cjlucas/unnamedcast/server/main.go:101.3,102.17 2 1
github.com/cjlucas/unnamedcast/server/main.go:108.3,108.22 1 1
github.com/cjlucas/unnamedcast/server/main.go:96.17,99.4 2 0
github.com/cjlucas/unnamedcast/server/main.go:102.17,104.4 1 0
github.com/cjlucas/unnamedcast/server/main.go:104.4,104.19 1 1
github.com/cjlucas/unnamedcast/server/main.go:104.19,106.4 1 0
github.com/cjlucas/unnamedcast/server/main.go:112.38,125.34 3 1
github.com/cjlucas/unnamedcast/server/main.go:131.2,131.34 1 1
github.com/cjlucas/unnamedcast/server/main.go:137.2,137.12 1 1
github.com/cjlucas/unnamedcast/server/main.go:125.34,126.53 1 1
github.com/cjlucas/unnamedcast/server/main.go:126.53,128.4 1 0
github.com/cjlucas/unnamedcast/server/main.go:131.34,132.53 1 1
github.com/cjlucas/unnamedcast/server/main.go:132.53,134.4 1 0
github.com/cjlucas/unnamedcast/server/main.go:140.31,144.50 2 1
github.com/cjlucas/unnamedcast/server/main.go:185.2,185.43 1 1
github.com/cjlucas/unnamedcast/server/main.go:208.2,211.41 2 1
github.com/cjlucas/unnamedcast/server/main.go:220.2,220.42 1 1
github.com/cjlucas/unnamedcast/server/main.go:237.2,237.71 1 1
github.com/cjlucas/unnamedcast/server/main.go:243.2,243.77 1 1
github.com/cjlucas/unnamedcast/server/main.go:249.2,249.94 1 1
github.com/cjlucas/unnamedcast/server/main.go:268.2,268.78 1 1
github.com/cjlucas/unnamedcast/server/main.go:274.2,274.95 1 1
github.com/cjlucas/unnamedcast/server/main.go:297.2,297.41 1 1
github.com/cjlucas/unnamedcast/server/main.go:325.2,325.42 1 1
github.com/cjlucas/unnamedcast/server/main.go:346.2,346.70 1 1
github.com/cjlucas/unnamedcast/server/main.go:357.2,357.70 1 1
github.com/cjlucas/unnamedcast/server/main.go:373.2,373.76 1 1
github.com/cjlucas/unnamedcast/server/main.go:144.50,146.51 2 0
github.com/cjlucas/unnamedcast/server/main.go:155.3,156.18 2 0
github.com/cjlucas/unnamedcast/server/main.go:161.3,173.41 4 0
github.com/cjlucas/unnamedcast/server/main.go:177.3,177.21 1 0
github.com/cjlucas/unnamedcast/server/main.go:181.3,181.23 1 0
github.com/cjlucas/unnamedcast/server/main.go:146.51,148.4 1 0
github.com/cjlucas/unnamedcast/server/main.go:148.4,148.58 1 0
github.com/cjlucas/unnamedcast/server/main.go:148.58,151.4 2 0
github.com/cjlucas/unnamedcast/server/main.go:151.4,153.4 1 0
github.com/cjlucas/unnamedcast/server/main.go:156.18,159.4 2 0
github.com/cjlucas/unnamedcast/server/main.go:173.41,175.4 1 0
github.com/cjlucas/unnamedcast/server/main.go:177.21,179.4 1 0
github.com/cjlucas/unnamedcast/server/main.go:185.43,189.39 3 0
github.com/cjlucas/unnamedcast/server/main.go:194.3,195.72 2 0
github.com/cjlucas/unnamedcast/server/main.go:200.3,200.96 1 0
github.com/cjlucas/unnamedcast/server/main.go:205.3,205.21 1 0
github.com/cjlucas/unnamedcast/server/main.go:189.39,192.4 2 0
github.com/cjlucas/unnamedcast/server/main.go:195.72,198.4 2 0
github.com/cjlucas/unnamedcast/server/main.go:200.96,203.4 2 0
github.com/cjlucas/unnamedcast/server/main.go:211.41,213.59 2 0
github.com/cjlucas/unnamedcast/server/main.go:216.3,216.31 1 0
github.com/cjlucas/unnamedcast/server/main.go:213.59,215.4 1 0
github.com/cjlucas/unnamedcast/server/main.go:220.42,224.39 3 1
github.com/cjlucas/unnamedcast/server/main.go:229.3,229.69 1 1
github.com/cjlucas/unnamedcast/server/main.go:224.39,227.4 2 1
github.com/cjlucas/unnamedcast/server/main.go:229.69,231.4 1 1
github.com/cjlucas/unnamedcast/server/main.go:231.4,233.4 1 1
github.com/cjlucas/unnamedcast/server/main.go:237.71,240.3 2 1
github.com/cjlucas/unnamedcast/server/main.go:243.77,246.3 2 0
github.com/cjlucas/unnamedcast/server/main.go:249.94,254.51 4 0
github.com/cjlucas/unnamedcast/server/main.go:259.3,260.49 2 0
github.com/cjlucas/unnamedcast/server/main.go:264.3,264.31 1 0
github.com/cjlucas/unnamedcast/server/main.go:254.51,257.4 2 0
github.com/cjlucas/unnamedcast/server/main.go:260.49,263.4 2 0
github.com/cjlucas/unnamedcast/server/main.go:268.78,271.3 2 0
github.com/cjlucas/unnamedcast/server/main.go:274.95,279.54 4 0
github.com/cjlucas/unnamedcast/server/main.go:284.3,285.49 2 0
github.com/cjlucas/unnamedcast/server/main.go:292.3,292.42 1 0
github.com/cjlucas/unnamedcast/server/main.go:279.54,282.4 2 0
github.com/cjlucas/unnamedcast/server/main.go:285.49,288.4 2 0
github.com/cjlucas/unnamedcast/server/main.go:297.41,299.39 2 1
github.com/cjlucas/unnamedcast/server/main.go:310.3,310.19 1 1
github.com/cjlucas/unnamedcast/server/main.go:315.3,316.60 2 1
github.com/cjlucas/unnamedcast/server/main.go:321.3,321.21 1 1
github.com/cjlucas/unnamedcast/server/main.go:299.39,301.4 1 1
github.com/cjlucas/unnamedcast/server/main.go:301.4,301.52 1 1
github.com/cjlucas/unnamedcast/server/main.go:301.52,303.18 2 1
github.com/cjlucas/unnamedcast/server/main.go:307.4,307.35 1 1
github.com/cjlucas/unnamedcast/server/main.go:303.18,306.5 2 1
github.com/cjlucas/unnamedcast/server/main.go:310.19,313.4 2 1
github.com/cjlucas/unnamedcast/server/main.go:316.60,319.4 2 1
github.com/cjlucas/unnamedcast/server/main.go:325.42,327.43 2 1
github.com/cjlucas/unnamedcast/server/main.go:332.3,332.50 1 1
github.com/cjlucas/unnamedcast/server/main.go:337.3,338.17 2 1
github.com/cjlucas/unnamedcast/server/main.go:342.3,342.29 1 1
github.com/cjlucas/unnamedcast/server/main.go:327.43,330.4 2 1
github.com/cjlucas/unnamedcast/server/main.go:332.50,335.4 2 0
github.com/cjlucas/unnamedcast/server/main.go:338.17,341.4 2 0
github.com/cjlucas/unnamedcast/server/main.go:346.70,349.60 3 0
github.com/cjlucas/unnamedcast/server/main.go:353.3,353.31 1 0
github.com/cjlucas/unnamedcast/server/main.go:349.60,352.4 2 0
github.com/cjlucas/unnamedcast/server/main.go:357.70,359.43 2 1
github.com/cjlucas/unnamedcast/server/main.go:362.3,364.50 2 1
github.com/cjlucas/unnamedcast/server/main.go:369.3,369.31 1 1
github.com/cjlucas/unnamedcast/server/main.go:359.43,361.4 1 1
github.com/cjlucas/unnamedcast/server/main.go:364.50,367.4 2 0
github.com/cjlucas/unnamedcast/server/main.go:373.76,382.61 4 1
github.com/cjlucas/unnamedcast/server/main.go:387.3,387.32 1 1
github.com/cjlucas/unnamedcast/server/main.go:382.61,385.4 2 0
github.com/cjlucas/unnamedcast/server/main.go:391.40,393.2 1 0
github.com/cjlucas/unnamedcast/server/main.go:395.13,397.30 2 0
github.com/cjlucas/unnamedcast/server/main.go:402.2,405.17 3 0
github.com/cjlucas/unnamedcast/server/main.go:409.2,410.15 2 0
github.com/cjlucas/unnamedcast/server/main.go:414.2,415.16 2 0
github.com/cjlucas/unnamedcast/server/main.go:419.2,419.42 1 0
github.com/cjlucas/unnamedcast/server/main.go:397.30,400.3 2 0
github.com/cjlucas/unnamedcast/server/main.go:405.17,407.3 1 0
github.com/cjlucas/unnamedcast/server/main.go:410.15,412.3 1 0
github.com/cjlucas/unnamedcast/server/main.go:415.16,416.13 1 0
